[0.063s] Invoking command in '/home/xie/Desktop/learn/carpole/cartplole/build/control': CMAKE_PREFIX_PATH=/home/xie/Desktop/learn/carpole/cartplole/install/interface:/home/xie/Desktop/learn/carpole/cartplole/install/simulate:/home/xie/Desktop/learn/carpole/cartplole/install/manage:/home/xie/Desktop/learn/carpole/cartplole/install/control:/usr/local:/usr/local:/opt/ros/humble /usr/bin/cmake --build /home/xie/Desktop/learn/carpole/cartplole/build/control -- -j20 -l20
[0.094s] [35m[1mConsolidate compiler generated dependencies of target control_node[0m
[0.124s] [ 20%] [32mBuilding CXX object CMakeFiles/control_node.dir/src/main.cpp.o[0m
[1.440s] [01m[K/home/xie/Desktop/learn/carpole/cartplole/src/control/src/main.cpp:11:[m[K [01;35m[Kwarning: [m[K"BACKWARD_HAS_DW" redefined
[1.441s]    11 | #define BACKWARD_HAS_DW 1
[1.441s]       | 
[1.441s] In file included from [01m[K/home/xie/Desktop/learn/carpole/cartplole/src/control/src/main.cpp:3[m[K:
[1.441s] [01m[K/usr/include/backward.hpp:193:[m[K [01;36m[Knote: [m[Kthis is the location of the previous definition
[1.441s]   193 | #define BACKWARD_HAS_DW 0
[1.441s]       | 
[4.199s] [01m[K/home/xie/Desktop/learn/carpole/cartplole/src/control/src/main.cpp:[m[K In function â€˜[01m[Kint main(int, char**)[m[Kâ€™:
[4.199s] [01m[K/home/xie/Desktop/learn/carpole/cartplole/src/control/src/main.cpp:32:8:[m[K [01;31m[Kerror: [m[Kno match for call to â€˜[01m[K(FG_eval) ()[m[Kâ€™
[4.199s]    32 | [01;31m[Kfg_eval()[m[K;
[4.199s]       | [01;31m[K~~~~~~~^~[m[K
[4.199s] In file included from [01m[K/home/xie/Desktop/learn/carpole/cartplole/src/control/src/main.cpp:2[m[K:
[4.199s] [01m[K/home/xie/Desktop/learn/carpole/cartplole/src/control/include/control/cppadpino.h:99:10:[m[K [01;36m[Knote: [m[Kcandidate: â€˜[01m[Kvoid FG_eval::operator()(FG_eval::ADvector&, const ADvector&)[m[Kâ€™
[4.199s]    99 |     void [01;36m[Koperator[m[K()(ADvector &fg, const ADvector &vars) {
[4.199s]       |          [01;36m[K^~~~~~~~[m[K
[4.199s] [01m[K/home/xie/Desktop/learn/carpole/cartplole/src/control/include/control/cppadpino.h:99:10:[m[K [01;36m[Knote: [m[K  candidate expects 2 arguments, 0 provided
[4.199s] [01m[K/home/xie/Desktop/learn/carpole/cartplole/src/control/src/main.cpp:15:14:[m[K [01;35m[Kwarning: [m[Kunused parameter â€˜[01m[Kargc[m[Kâ€™ [[01;35m[K]8;;https://gcc.gnu.org/onlinedocs/gcc/Warning-Options.html#index-Wunused-parameter-Wunused-parameter]8;;[m[K]
[4.199s]    15 | int main([01;35m[Kint argc[m[K, char** argv) {
[4.199s]       |          [01;35m[K~~~~^~~~[m[K
[4.199s] [01m[K/home/xie/Desktop/learn/carpole/cartplole/src/control/src/main.cpp:15:27:[m[K [01;35m[Kwarning: [m[Kunused parameter â€˜[01m[Kargv[m[Kâ€™ [[01;35m[K]8;;https://gcc.gnu.org/onlinedocs/gcc/Warning-Options.html#index-Wunused-parameter-Wunused-parameter]8;;[m[K]
[4.199s]    15 | int main(int argc, [01;35m[Kchar** argv[m[K) {
[4.199s]       |                    [01;35m[K~~~~~~~^~~~[m[K
[6.520s] gmake[2]: *** [CMakeFiles/control_node.dir/build.make:118: CMakeFiles/control_node.dir/src/main.cpp.o] Error 1
[6.520s] gmake[1]: *** [CMakeFiles/Makefile2:137: CMakeFiles/control_node.dir/all] Error 2
[6.520s] gmake: *** [Makefile:146: all] Error 2
[6.522s] Invoked command in '/home/xie/Desktop/learn/carpole/cartplole/build/control' returned '2': CMAKE_PREFIX_PATH=/home/xie/Desktop/learn/carpole/cartplole/install/interface:/home/xie/Desktop/learn/carpole/cartplole/install/simulate:/home/xie/Desktop/learn/carpole/cartplole/install/manage:/home/xie/Desktop/learn/carpole/cartplole/install/control:/usr/local:/usr/local:/opt/ros/humble /usr/bin/cmake --build /home/xie/Desktop/learn/carpole/cartplole/build/control -- -j20 -l20
